[11-Sep-2023 13:54:18] NOTICE: fpm is running, pid 53130
[11-Sep-2023 13:54:18] NOTICE: ready to handle connections
[15-Sep-2023 11:30:20] NOTICE: Terminating ...
[15-Sep-2023 11:30:20] NOTICE: Terminating ...
[15-Sep-2023 11:30:20] NOTICE: exiting, bye-bye!
[15-Sep-2023 11:31:43] NOTICE: fpm is running, pid 1229
[15-Sep-2023 11:31:43] NOTICE: ready to handle connections
[21-Sep-2023 11:11:17] WARNING: [pool www] child 1236 said into stderr: "error parsing message body"
[21-Sep-2023 11:11:36] WARNING: [pool www] child 1236 said into stderr: "error parsing message body"
[21-Sep-2023 11:11:45] WARNING: [pool www] child 1237 said into stderr: "error parsing message body"
[21-Sep-2023 11:21:07] WARNING: [pool www] child 1237 said into stderr: "error parsing message body"
[21-Sep-2023 11:21:11] WARNING: [pool www] child 1237 said into stderr: "error parsing message body"
[21-Sep-2023 11:21:36] WARNING: [pool www] child 1236 said into stderr: "error parsing message body"
[21-Sep-2023 11:21:42] WARNING: [pool www] child 1237 said into stderr: "error parsing message body"
[21-Sep-2023 11:22:24] WARNING: [pool www] child 1236 said into stderr: "error parsing message body"
[22-Sep-2023 13:10:01] NOTICE: Terminating ...
[22-Sep-2023 13:10:01] NOTICE: Terminating ...
[22-Sep-2023 13:10:01] NOTICE: exiting, bye-bye!
[22-Sep-2023 13:14:51] NOTICE: fpm is running, pid 2041
[22-Sep-2023 13:14:51] NOTICE: ready to handle connections
[25-Sep-2023 11:37:39] NOTICE: Terminating ...
[25-Sep-2023 11:37:39] NOTICE: Terminating ...
[25-Sep-2023 11:37:39] NOTICE: exiting, bye-bye!
[26-Sep-2023 14:42:41] NOTICE: fpm is running, pid 5415
[26-Sep-2023 14:42:41] NOTICE: ready to handle connections
[26-Sep-2023 14:42:52] NOTICE: Terminating ...
[26-Sep-2023 14:42:52] NOTICE: Terminating ...
[26-Sep-2023 14:42:52] NOTICE: exiting, bye-bye!
[26-Sep-2023 15:51:47] NOTICE: fpm is running, pid 8885
[26-Sep-2023 15:51:47] NOTICE: ready to handle connections
[27-Sep-2023 13:24:01] NOTICE: Terminating ...
[27-Sep-2023 13:24:01] NOTICE: Terminating ...
[27-Sep-2023 13:24:01] NOTICE: exiting, bye-bye!
[29-Sep-2023 19:57:48] NOTICE: fpm is running, pid 44454
[29-Sep-2023 19:57:48] NOTICE: ready to handle connections
[02-Oct-2023 08:58:10] NOTICE: Terminating ...
[02-Oct-2023 08:58:10] NOTICE: Terminating ...
[02-Oct-2023 08:58:10] NOTICE: exiting, bye-bye!
[05-Oct-2023 10:54:25] NOTICE: fpm is running, pid 53226
[05-Oct-2023 10:54:25] NOTICE: ready to handle connections
[05-Oct-2023 15:56:46] NOTICE: Terminating ...
[05-Oct-2023 15:56:46] NOTICE: Terminating ...
[05-Oct-2023 15:56:46] NOTICE: exiting, bye-bye!
[06-Oct-2023 16:10:14] NOTICE: fpm is running, pid 74255
[06-Oct-2023 16:10:14] NOTICE: ready to handle connections
[11-Oct-2023 12:05:38] NOTICE: Terminating ...
[11-Oct-2023 12:05:38] NOTICE: Terminating ...
[11-Oct-2023 12:05:38] NOTICE: exiting, bye-bye!
[01-Nov-2023 21:30:33] NOTICE: fpm is running, pid 28972
[01-Nov-2023 21:30:33] NOTICE: ready to handle connections
